{
  "RSpec": {
    "coverage": {
      "/Users/corinne2/Projects/wdi/projects/gig_app/config/environment.rb": [
        null,
        1,
        null,
        null,
        1
      ],
      "/Users/corinne2/Projects/wdi/projects/gig_app/config/application.rb": [
        1,
        null,
        null,
        1,
        1,
        1,
        1,
        1,
        null,
        null,
        1,
        null,
        1,
        null,
        null,
        null,
        null,
        1,
        1,
        null,
        null,
        null,
        null,
        null,
        null,
        null,
        null,
        null,
        null,
        null,
        null,
        null,
        null,
        null,
        null,
        null,
        null,
        null,
        null,
        null,
        null,
        null,
        1,
        null,
        null,
        1,
        null,
        null,
        1,
        null,
        null,
        null,
        null,
        null,
        null,
        null,
        null,
        null,
        null,
        1,
        null,
        null,
        1,
        null,
        null,
        1,
        null,
        null
      ],
      "/Users/corinne2/Projects/wdi/projects/gig_app/config/boot.rb": [
        1,
        null,
        null,
        1,
        null,
        1
      ],
      "/Users/corinne2/Projects/wdi/projects/gig_app/config/environments/test.rb": [
        1,
        null,
        null,
        null,
        null,
        null,
        null,
        1,
        null,
        null,
        1,
        1,
        null,
        null,
        1,
        null,
        null,
        1,
        1,
        null,
        null,
        1,
        null,
        null,
        1,
        null,
        null,
        null,
        null,
        1,
        null,
        null,
        1,
        null,
        null,
        1,
        null
      ],
      "/Users/corinne2/Projects/wdi/projects/gig_app/config/initializers/backtrace_silencers.rb": [
        null,
        null,
        null,
        null,
        null,
        null,
        null
      ],
      "/Users/corinne2/Projects/wdi/projects/gig_app/config/initializers/devise.rb": [
        null,
        null,
        1,
        null,
        null,
        null,
        1,
        null,
        null,
        null,
        null,
        null,
        1,
        null,
        null,
        null,
        null,
        null,
        null,
        null,
        null,
        1,
        null,
        null,
        null,
        null,
        null,
        null,
        null,
        null,
        null,
        null,
        null,
        null,
        null,
        null,
        null,
        null,
        null,
        null,
        null,
        null,
        null,
        1,
        null,
        null,
        null,
        null,
        1,
        null,
        null,
        null,
        null,
        null,
        null,
        null,
        null,
        null,
        null,
        null,
        null,
        null,
        null,
        null,
        null,
        null,
        null,
        null,
        null,
        null,
        null,
        null,
        null,
        null,
        null,
        null,
        null,
        null,
        null,
        1,
        null,
        null,
        null,
        null,
        null,
        null,
        null,
        null,
        null,
        null,
        null,
        null,
        null,
        null,
        1,
        null,
        null,
        null,
        null,
        null,
        null,
        null,
        null,
        null,
        null,
        null,
        null,
        null,
        null,
        null,
        null,
        null,
        null,
        null,
        null,
        null,
        null,
        null,
        null,
        1,
        null,
        null,
        null,
        null,
        null,
        null,
        null,
        null,
        null,
        null,
        null,
        null,
        null,
        null,
        null,
        null,
        null,
        1,
        null,
        null,
        null,
        null,
        null,
        null,
        null,
        null,
        null,
        null,
        null,
        null,
        null,
        null,
        null,
        null,
        null,
        null,
        null,
        null,
        null,
        null,
        null,
        null,
        null,
        null,
        null,
        null,
        null,
        null,
        null,
        null,
        null,
        null,
        null,
        null,
        null,
        null,
        null,
        null,
        null,
        null,
        null,
        null,
        null,
        null,
        null,
        null,
        1,
        null,
        null,
        null,
        null,
        null,
        null,
        null,
        null,
        null,
        null,
        null,
        null,
        null,
        null,
        null,
        null,
        null,
        null,
        null,
        null,
        null,
        null,
        null,
        null,
        null,
        null,
        null,
        null,
        null,
        null,
        null,
        null,
        null,
        null,
        null,
        null,
        null,
        1,
        null,
        null,
        null,
        null,
        null,
        null,
        null,
        null,
        null,
        null,
        null,
        null,
        null,
        null,
        null,
        null,
        null,
        null,
        null,
        null,
        null,
        null,
        null,
        null,
        null,
        null,
        null,
        null,
        null
      ],
      "/Users/corinne2/Projects/wdi/projects/gig_app/config/initializers/inflections.rb": [
        null,
        null,
        null,
        null,
        null,
        null,
        null,
        null,
        null,
        null,
        null,
        null,
        null,
        null,
        null
      ],
      "/Users/corinne2/Projects/wdi/projects/gig_app/config/initializers/mime_types.rb": [
        null,
        null,
        null,
        null,
        null
      ],
      "/Users/corinne2/Projects/wdi/projects/gig_app/config/initializers/secret_token.rb": [
        null,
        null,
        null,
        null,
        null,
        null,
        1
      ],
      "/Users/corinne2/Projects/wdi/projects/gig_app/config/initializers/session_store.rb": [
        null,
        null,
        1,
        null,
        null,
        null,
        null,
        null
      ],
      "/Users/corinne2/Projects/wdi/projects/gig_app/config/initializers/wrap_parameters.rb": [
        null,
        null,
        null,
        null,
        null,
        null,
        1,
        1,
        null,
        null,
        null,
        1,
        1,
        null
      ],
      "/Users/corinne2/Projects/wdi/projects/gig_app/config/routes.rb": [
        1,
        null,
        1,
        null,
        1,
        null,
        1,
        null,
        1,
        1,
        null
      ],
      "/Users/corinne2/Projects/wdi/projects/gig_app/app/models/user.rb": [
        null,
        null,
        null,
        null,
        null,
        null,
        null,
        null,
        null,
        null,
        null,
        null,
        null,
        null,
        null,
        null,
        null,
        null,
        null,
        1,
        null,
        null,
        1,
        null,
        null,
        null,
        1,
        null,
        null,
        1,
        null,
        1,
        null
      ],
      "/Users/corinne2/Projects/wdi/projects/gig_app/app/controllers/application_controller.rb": [
        1,
        1,
        null
      ],
      "/Users/corinne2/Projects/wdi/projects/gig_app/app/helpers/application_helper.rb": [
        1,
        null
      ],
      "/Users/corinne2/Projects/wdi/projects/gig_app/app/helpers/artist_helper.rb": [
        1,
        null
      ],
      "/Users/corinne2/Projects/wdi/projects/gig_app/app/helpers/event_helper.rb": [
        1,
        null
      ],
      "/Users/corinne2/Projects/wdi/projects/gig_app/app/helpers/pages_helper.rb": [
        1,
        null
      ],
      "/Users/corinne2/Projects/wdi/projects/gig_app/app/helpers/users_helper.rb": [
        1,
        null
      ],
      "/Users/corinne2/Projects/wdi/projects/gig_app/app/controllers/artists_controller.rb": [
        1,
        null,
        1,
        2,
        null,
        null,
        1,
        4,
        null,
        null,
        1,
        2,
        null,
        null,
        1,
        4,
        null,
        4,
        2,
        null,
        2,
        null,
        null,
        null,
        1,
        4,
        4,
        null,
        null,
        1,
        6,
        6,
        3,
        null,
        3,
        null,
        null,
        null,
        1,
        2,
        2,
        2,
        null,
        null,
        null,
        null,
        1,
        null,
        2,
        null,
        2,
        null,
        2,
        2,
        null,
        null,
        null,
        null,
        null,
        null,
        null,
        null,
        null,
        null,
        null,
        null,
        null,
        null,
        null,
        null,
        null,
        null,
        null,
        null,
        null,
        null,
        null,
        null,
        null,
        null,
        null,
        null,
        null,
        null,
        null,
        null,
        null,
        null,
        null,
        null,
        null,
        null,
        null,
        null,
        null,
        null,
        null
      ],
      "/Users/corinne2/Projects/wdi/projects/gig_app/app/models/artist.rb": [
        null,
        null,
        null,
        null,
        null,
        null,
        null,
        null,
        null,
        null,
        null,
        1,
        1,
        null,
        1,
        null,
        1,
        1,
        null,
        null
      ],
      "/Users/corinne2/Projects/wdi/projects/gig_app/app/controllers/events_controller.rb": [
        1,
        null,
        null,
        null,
        null,
        null,
        null,
        null,
        null,
        null,
        null,
        null,
        null,
        null,
        null,
        null,
        null,
        null,
        null,
        null,
        null,
        null,
        null,
        null,
        null,
        null,
        1,
        2,
        null,
        null,
        1,
        4,
        null,
        null,
        1,
        2,
        null,
        null,
        1,
        4,
        4,
        2,
        null,
        2,
        null,
        null,
        null,
        1,
        4,
        4,
        null,
        null,
        1,
        6,
        6,
        3,
        null,
        3,
        null,
        null,
        null,
        1,
        2,
        2,
        2,
        null,
        null,
        null
      ],
      "/Users/corinne2/Projects/wdi/projects/gig_app/app/models/event.rb": [
        null,
        null,
        null,
        null,
        null,
        null,
        null,
        null,
        null,
        null,
        null,
        null,
        null,
        null,
        1,
        1,
        null,
        1,
        null,
        1,
        null,
        null
      ],
      "/Users/corinne2/Projects/wdi/projects/gig_app/app/controllers/pages_controller.rb": [
        1,
        1,
        null,
        null
      ],
      "/Users/corinne2/Projects/wdi/projects/gig_app/spec/factories.rb": [
        1,
        null,
        1,
        1,
        null,
        1,
        1,
        1,
        null,
        null,
        1,
        19,
        null,
        null,
        1,
        1,
        null,
        null,
        1,
        26,
        27,
        27,
        26,
        27,
        null,
        null,
        1,
        1,
        5,
        null,
        null,
        null,
        null,
        null,
        null,
        null
      ],
      "/Users/corinne2/Projects/wdi/projects/gig_app/spec/controllers/events_controller_spec.rb": [
        1,
        null,
        1,
        null,
        null,
        1,
        1,
        2,
        null,
        null,
        1,
        1,
        2,
        null,
        null,
        1,
        1,
        1,
        null,
        null,
        1,
        1,
        null,
        null,
        null,
        null,
        null,
        null,
        1,
        1,
        null,
        3,
        null,
        null,
        1,
        1,
        3,
        null,
        null,
        1,
        1,
        1,
        null,
        null,
        1,
        1,
        1,
        null,
        null,
        1,
        1,
        null,
        null,
        null,
        null,
        1,
        1,
        1,
        2,
        null,
        null,
        1,
        1,
        1,
        null,
        null,
        1,
        1,
        null,
        null,
        null,
        null,
        1,
        1,
        1,
        1,
        1,
        null,
        null,
        1,
        1,
        1,
        null,
        null,
        1,
        1,
        1,
        1,
        null,
        null,
        1,
        1,
        1,
        null,
        null,
        null,
        null,
        null,
        1,
        1,
        3,
        null,
        null,
        1,
        1,
        3,
        null,
        null,
        1,
        1,
        1,
        null,
        null,
        1,
        1,
        1,
        null,
        null,
        1,
        1,
        null,
        null,
        null,
        null,
        1,
        1,
        6,
        null,
        1,
        1,
        1,
        1,
        null,
        1,
        1,
        1,
        1,
        null,
        1,
        1,
        1,
        null,
        null,
        1,
        1,
        1,
        1,
        null,
        1,
        1,
        1,
        1,
        null,
        1,
        1,
        1,
        null,
        null,
        null,
        null,
        1,
        1,
        2,
        null,
        1,
        1,
        1,
        null,
        null,
        1,
        1,
        1,
        null,
        null,
        null,
        null,
        null,
        null,
        null,
        null,
        null,
        null,
        null,
        null,
        null,
        null,
        null,
        null
      ],
      "/Users/corinne2/Projects/wdi/projects/gig_app/spec/controllers/pages_controller_spec.rb": [
        1,
        null,
        1,
        null,
        1,
        1,
        1,
        1,
        null,
        null,
        null,
        null
      ],
      "/Users/corinne2/Projects/wdi/projects/gig_app/spec/helpers/artist_helper_spec.rb": [
        1,
        null,
        null,
        null,
        null,
        null,
        null,
        null,
        null,
        null,
        null,
        null,
        1,
        null,
        null
      ],
      "/Users/corinne2/Projects/wdi/projects/gig_app/spec/helpers/event_helper_spec.rb": [
        1,
        null,
        null,
        null,
        null,
        null,
        null,
        null,
        null,
        null,
        null,
        null,
        1,
        null,
        null
      ],
      "/Users/corinne2/Projects/wdi/projects/gig_app/spec/helpers/pages_helper_spec.rb": [
        1,
        null,
        null,
        null,
        null,
        null,
        null,
        null,
        null,
        null,
        null,
        null,
        1,
        null,
        null
      ],
      "/Users/corinne2/Projects/wdi/projects/gig_app/spec/helpers/users_helper_spec.rb": [
        1,
        null,
        null,
        null,
        null,
        null,
        null,
        null,
        null,
        null,
        null,
        null,
        1,
        null,
        null
      ],
      "/Users/corinne2/Projects/wdi/projects/gig_app/spec/models/artist_spec.rb": [
        null,
        null,
        null,
        null,
        null,
        null,
        null,
        null,
        null,
        null,
        null,
        1,
        null,
        1,
        2,
        2,
        null,
        1,
        3,
        null,
        null,
        1,
        1,
        null,
        null,
        null
      ],
      "/Users/corinne2/Projects/wdi/projects/gig_app/spec/models/event_spec.rb": [
        null,
        null,
        null,
        null,
        null,
        null,
        null,
        null,
        null,
        null,
        null,
        null,
        null,
        null,
        1,
        null,
        null,
        1,
        2,
        null,
        1,
        2,
        null,
        null,
        1,
        1,
        null,
        null,
        null
      ],
      "/Users/corinne2/Projects/wdi/projects/gig_app/spec/models/user_spec.rb": [
        null,
        null,
        null,
        null,
        null,
        null,
        null,
        null,
        null,
        null,
        null,
        null,
        null,
        null,
        null,
        null,
        null,
        null,
        null,
        1,
        null,
        1,
        null,
        2,
        null,
        1,
        3,
        null,
        null,
        1,
        1,
        null,
        null,
        1,
        1,
        null,
        null,
        null,
        null
      ],
      "/Users/corinne2/Projects/wdi/projects/gig_app/spec/views/artist/create.html.erb_spec.rb": [
        1,
        null,
        1,
        null,
        null
      ],
      "/Users/corinne2/Projects/wdi/projects/gig_app/spec/views/artist/destroy.html.erb_spec.rb": [
        1,
        null,
        1,
        null,
        null
      ],
      "/Users/corinne2/Projects/wdi/projects/gig_app/spec/views/artist/edit.html.erb_spec.rb": [
        1,
        null,
        1,
        null,
        null
      ],
      "/Users/corinne2/Projects/wdi/projects/gig_app/spec/views/artist/index.html.erb_spec.rb": [
        1,
        null,
        1,
        null,
        null
      ],
      "/Users/corinne2/Projects/wdi/projects/gig_app/spec/views/artist/new.html.erb_spec.rb": [
        1,
        null,
        1,
        null,
        null
      ],
      "/Users/corinne2/Projects/wdi/projects/gig_app/spec/views/artist/update.html.erb_spec.rb": [
        1,
        null,
        1,
        null,
        null
      ],
      "/Users/corinne2/Projects/wdi/projects/gig_app/spec/views/event/create.html.erb_spec.rb": [
        1,
        null,
        1,
        null,
        null
      ],
      "/Users/corinne2/Projects/wdi/projects/gig_app/spec/views/event/destroy.html.erb_spec.rb": [
        1,
        null,
        1,
        null,
        null
      ],
      "/Users/corinne2/Projects/wdi/projects/gig_app/spec/views/event/edit.html.erb_spec.rb": [
        1,
        null,
        1,
        null,
        null
      ],
      "/Users/corinne2/Projects/wdi/projects/gig_app/spec/views/event/index.html.erb_spec.rb": [
        1,
        null,
        1,
        null,
        null
      ],
      "/Users/corinne2/Projects/wdi/projects/gig_app/spec/views/event/new.html.erb_spec.rb": [
        1,
        null,
        1,
        null,
        null
      ],
      "/Users/corinne2/Projects/wdi/projects/gig_app/spec/views/event/update.html.erb_spec.rb": [
        1,
        null,
        1,
        null,
        null
      ],
      "/Users/corinne2/Projects/wdi/projects/gig_app/spec/views/pages/index.html.erb_spec.rb": [
        1,
        null,
        1,
        null,
        null
      ]
    },
    "timestamp": 1387282343
  }
}
